<?xml version="1.0" encoding="UTF-8"?>
<testsuite name="Cucumber" time="126.554" tests="4" skipped="0" failures="1" errors="0">
<testcase classname="Medunna Oda Olusturma" name="Oda Olustur - Example #1.1" time="30.057">
<system-out><![CDATA[
Given "https://www.medunna.com" adresine git................................passed
When kullanici simgesini tikla..............................................passed
And sign in secenegini tikla................................................passed
And username kutusuna "kullanici_Adi" gir...................................passed
And password kutusuna "kullanici_Sifre" gir.................................passed
And remember me radio button'a tikla........................................passed
And sign in button'a tikla..................................................passed
When items&titles sekmesine tikla...........................................passed
And room secenegine tikla...................................................passed
And create a new room butonunu tikla........................................passed
And room number kutusuna "1349205136".......................................passed
And room type drop down'dan "DELUXE" sec....................................passed
And price kutusuna "12".....................................................passed
And description kutusuna "Temiz Oda" gir....................................passed
And save button'a tikla.....................................................passed
Then kaydedildi alertini dogrula............................................passed
And sayfayi_kapatir.........................................................passed
]]></system-out>
</testcase>
<testcase classname="Medunna Oda Olusturma" name="Oda Olustur - Example #1.2" time="30.536">
<system-out><![CDATA[
Given "https://www.medunna.com" adresine git................................passed
When kullanici simgesini tikla..............................................passed
And sign in secenegini tikla................................................passed
And username kutusuna "kullanici_Adi" gir...................................passed
And password kutusuna "kullanici_Sifre" gir.................................passed
And remember me radio button'a tikla........................................passed
And sign in button'a tikla..................................................passed
When items&titles sekmesine tikla...........................................passed
And room secenegine tikla...................................................passed
And create a new room butonunu tikla........................................passed
And room number kutusuna "1433806127".......................................passed
And room type drop down'dan "PREMIUM_DELUXE" sec............................passed
And price kutusuna "20".....................................................passed
And description kutusuna "Guzel Oda" gir....................................passed
And save button'a tikla.....................................................passed
Then kaydedildi alertini dogrula............................................passed
And sayfayi_kapatir.........................................................passed
]]></system-out>
</testcase>
<testcase classname="Medunna Oda Olusturma" name="Oda Olustur - Example #1.3" time="26.318">
<system-out><![CDATA[
Given "https://www.medunna.com" adresine git................................passed
When kullanici simgesini tikla..............................................passed
And sign in secenegini tikla................................................passed
And username kutusuna "kullanici_Adi" gir...................................passed
And password kutusuna "kullanici_Sifre" gir.................................passed
And remember me radio button'a tikla........................................passed
And sign in button'a tikla..................................................passed
When items&titles sekmesine tikla...........................................passed
And room secenegine tikla...................................................passed
And create a new room butonunu tikla........................................passed
And room number kutusuna "1347407128".......................................passed
And room type drop down'dan "SUITE" sec.....................................passed
And price kutusuna "10".....................................................passed
And description kutusuna "Manzarali Oda" gir................................passed
And save button'a tikla.....................................................passed
Then kaydedildi alertini dogrula............................................passed
And sayfayi_kapatir.........................................................passed
]]></system-out>
</testcase>
<testcase classname="Medunna Oda Olusturma" name="Oda Olustur - Example #1.4" time="38.325">
<failure type="org.openqa.selenium.NoSuchElementException" message="no such element: Unable to locate element: {&quot;method&quot;:&quot;xpath&quot;,&quot;selector&quot;:&quot;//div[@role='alert']&quot;}
  (Session info: chrome=112.0.5615.86)
For documentation on this error, please visit: https://selenium.dev/exceptions/#no_such_element
Build info: version: '4.8.3', revision: 'e5e76298c3'
System info: os.name: 'Windows 10', os.arch: 'amd64', os.version: '10.0', java.version: '11.0.17'
Driver info: org.openqa.selenium.chrome.ChromeDriver
Command: [aec21bee8a7187d04f41a2da7aeaf742, findElement {using=xpath, value=//div[@role='alert']}]
Capabilities {acceptInsecureCerts: false, browserName: chrome, browserVersion: 112.0.5615.86, chrome: {chromedriverVersion: 112.0.5615.49 (bd2a7bcb881c..., userDataDir: C:\Users\ASUS\AppData\Local...}, goog:chromeOptions: {debuggerAddress: localhost:53357}, networkConnectionEnabled: false, pageLoadStrategy: normal, platformName: WINDOWS, proxy: Proxy(), se:cdp: ws://localhost:53357/devtoo..., se:cdpVersion: 112.0.5615.86, setWindowRect: true, strictFileInteractability: false, timeouts: {implicit: 0, pageLoad: 300000, script: 30000}, unhandledPromptBehavior: dismiss and notify, webauthn:extension:credBlob: true, webauthn:extension:largeBlob: true, webauthn:extension:minPinLength: true, webauthn:extension:prf: true, webauthn:virtualAuthenticators: true}
Session ID: aec21bee8a7187d04f41a2da7aeaf742">
<![CDATA[org.openqa.selenium.NoSuchElementException: no such element: Unable to locate element: {"method":"xpath","selector":"//div[@role='alert']"}
  (Session info: chrome=112.0.5615.86)
For documentation on this error, please visit: https://selenium.dev/exceptions/#no_such_element
Build info: version: '4.8.3', revision: 'e5e76298c3'
System info: os.name: 'Windows 10', os.arch: 'amd64', os.version: '10.0', java.version: '11.0.17'
Driver info: org.openqa.selenium.chrome.ChromeDriver
Command: [aec21bee8a7187d04f41a2da7aeaf742, findElement {using=xpath, value=//div[@role='alert']}]
Capabilities {acceptInsecureCerts: false, browserName: chrome, browserVersion: 112.0.5615.86, chrome: {chromedriverVersion: 112.0.5615.49 (bd2a7bcb881c..., userDataDir: C:\Users\ASUS\AppData\Local...}, goog:chromeOptions: {debuggerAddress: localhost:53357}, networkConnectionEnabled: false, pageLoadStrategy: normal, platformName: WINDOWS, proxy: Proxy(), se:cdp: ws://localhost:53357/devtoo..., se:cdpVersion: 112.0.5615.86, setWindowRect: true, strictFileInteractability: false, timeouts: {implicit: 0, pageLoad: 300000, script: 30000}, unhandledPromptBehavior: dismiss and notify, webauthn:extension:credBlob: true, webauthn:extension:largeBlob: true, webauthn:extension:minPinLength: true, webauthn:extension:prf: true, webauthn:virtualAuthenticators: true}
Session ID: aec21bee8a7187d04f41a2da7aeaf742
	at java.base/jdk.internal.reflect.NativeConstructorAccessorImpl.newInstance0(Native Method)
	at java.base/jdk.internal.reflect.NativeConstructorAccessorImpl.newInstance(NativeConstructorAccessorImpl.java:62)
	at java.base/jdk.internal.reflect.DelegatingConstructorAccessorImpl.newInstance(DelegatingConstructorAccessorImpl.java:45)
	at java.base/java.lang.reflect.Constructor.newInstance(Constructor.java:490)
	at org.openqa.selenium.remote.codec.w3c.W3CHttpResponseCodec.createException(W3CHttpResponseCodec.java:200)
	at org.openqa.selenium.remote.codec.w3c.W3CHttpResponseCodec.decode(W3CHttpResponseCodec.java:133)
	at org.openqa.selenium.remote.codec.w3c.W3CHttpResponseCodec.decode(W3CHttpResponseCodec.java:53)
	at org.openqa.selenium.remote.HttpCommandExecutor.execute(HttpCommandExecutor.java:193)
	at org.openqa.selenium.remote.service.DriverCommandExecutor.invokeExecute(DriverCommandExecutor.java:183)
	at org.openqa.selenium.remote.service.DriverCommandExecutor.execute(DriverCommandExecutor.java:158)
	at org.openqa.selenium.remote.RemoteWebDriver.execute(RemoteWebDriver.java:543)
	at org.openqa.selenium.remote.ElementLocation$ElementFinder$2.findElement(ElementLocation.java:162)
	at org.openqa.selenium.remote.ElementLocation.findElement(ElementLocation.java:60)
	at org.openqa.selenium.remote.RemoteWebDriver.findElement(RemoteWebDriver.java:352)
	at org.openqa.selenium.remote.RemoteWebDriver.findElement(RemoteWebDriver.java:344)
	at org.openqa.selenium.support.pagefactory.DefaultElementLocator.findElement(DefaultElementLocator.java:70)
	at org.openqa.selenium.support.pagefactory.internal.LocatingElementHandler.invoke(LocatingElementHandler.java:39)
	at com.sun.proxy.$Proxy22.getText(Unknown Source)
	at techproed.stepDefinitions.MedunnaStepDefinition.kaydedildi_alertini_dogrula(MedunnaStepDefinition.java:93)
	at âœ½.kaydedildi alertini dogrula(file:///C:/Users/ASUS/IdeaProjects/B129Cucumber/src/test/resources/features/day32_ScenarioOutline_Reports_DataTable/US001_MedunnaRoom.feature:22)
]]>
</failure>
<system-out><![CDATA[
Given "https://www.medunna.com" adresine git................................passed
When kullanici simgesini tikla..............................................passed
And sign in secenegini tikla................................................passed
And username kutusuna "kullanici_Adi" gir...................................passed
And password kutusuna "kullanici_Sifre" gir.................................passed
And remember me radio button'a tikla........................................passed
And sign in button'a tikla..................................................passed
When items&titles sekmesine tikla...........................................passed
And room secenegine tikla...................................................passed
And create a new room butonunu tikla........................................passed
And room number kutusuna "1436068129".......................................passed
And room type drop down'dan "DAYCARE" sec...................................passed
And price kutusuna "8$".....................................................passed
And description kutusuna "Temiz Oda" gir....................................passed
And save button'a tikla.....................................................passed
Then kaydedildi alertini dogrula............................................failed
And sayfayi_kapatir.........................................................skipped
]]></system-out>
</testcase>
</testsuite>
